            TRNSYS - the TRaNsient SYstem Simulation program

   The Solar Energy Lab at the University of Wisconsin - Madison, USA
Le Centre Scientifique et Technique du Batiment, Sophia Antipolis, France
           Transsolar Energietechnik GmBH, Stuttgart, Germany
        Thermal Energy System Specialists, LLC, Madison Wisconsin, USA

                           Release 17.01.0028

Simulation log for: "C:\Users\s192476\Downloads\47330SDHCal\47330SDHCal\47330-MarstalSunstore4.trd"
 
*** Notice at time        :         0.000000
    Generated by Unit     : Not applicable or not available
    Generated by Type     : Not applicable or not available
    TRNSYS Message    197 : TRNSYS has been called within a TRNSED application.
    Reported information  : The TRNSYS Executable (TRNExe.exe) and main DLL (TRNDll.dll) are located in "C:\USERS\S192476\DOWNLOADS\47330SDHCAL\47330SDHCAL"
 
*** Notice at time        :         0.000000
    Generated by Unit     : Not applicable or not available
    Generated by Type     : Not applicable or not available
    TRNSYS Message     90 : TRNDll.dll is compiled in release mode. External DLLs will be loaded from the .\UserLib\ReleaseDLLs\ directory.
    Reported information  : Not available
 
*** Notice at time        :         0.000000
    Generated by Unit     : Not applicable or not available
    Generated by Type     : Not applicable or not available
    Message               : The following Types were loaded from TRNDll.dll: Type1, Type109, Type9, Type11, Type24, Type25, Type6, Type65, Type93, Type14
 
*** Notice at time        :         0.000000
    Generated by Unit     : Not applicable or not available
    Generated by Type     : Not applicable or not available
    Message               : The following Types were loaded from "TESSHydronics_v17.1.01_Release.dll": Type649
 
*** Notice at time        :         0.000000
    Generated by Unit     : Not applicable or not available
    Generated by Type     : Not applicable or not available
    Message               : The following Types were loaded from "Type340.dll": Type340
 
*** Notice at time        :         0.000000
    Generated by Unit     : Not applicable or not available
    Generated by Type     : Not applicable or not available
    Message               : The following Types were loaded from "Type342.dll": Type342
 
*** Notice at time        :         0.000000
    Generated by Unit     : Not applicable or not available
    Generated by Type     : Not applicable or not available
    TRNSYS Message    199 : TRNSYS found at least one user DLL in the UserLib directory. (Note: Only DLL's including Types that are used in the simulation are loaded)
    Reported information  : 3 user DLLs were loaded after searching in "C:\USERS\S192476\DOWNLOADS\47330SDHCAL\47330SDHCAL\UserLib\ReleaseDLLs"
 
*** Notice at time        :      8760.000000
    Generated by Unit     :    33
    Generated by Type     :     9
    Message               : The specified component model has exhausted the data supply and has rewound the data file to begin reading from the top of the data file.
 
*** Notice at time        :      8760.000000
    Generated by Unit     :    88
    Generated by Type     :     9
    Message               : The specified component model has exhausted the data supply and has rewound the data file to begin reading from the top of the data file.
 
*** Notice at time        :     17520.000000
    Generated by Unit     :    72
    Generated by Type     :   340
    Message               : V1.99 was used for emulation of version 1.95000000000000 (or lower)
 
*** Notice at time        :     17520.000000
    Generated by Unit     :    72
    Generated by Type     :   340
    Message               : Qerrsum of V1.99E: 1284.79347715291 [kJ]
